Looking for git in: git
Using git 2.31.1 from git
> git rev-parse --git-dir
Open repository: /home/jonathan/nord-awesome
> git status -z -u
> git symbolic-ref --short HEAD
> git for-each-ref --format=%(refname)%00%(upstream:short)%00%(objectname)%00%(upstream:track) refs/heads/master refs/remotes/master
> git for-each-ref --sort -committerdate --format %(refname) %(objectname) %(*objectname)
> git remote --verbose
Warning: Failed to watch ref '/home/jonathan/nord-awesome/.git/refs/remotes/origin/master', is most likely packed.
> git config --get commit.template
> git show --textconv :layout/left-panel/action-bar.lua
> git ls-files --stage -- /home/jonathan/nord-awesome/layout/left-panel/action-bar.lua
> git cat-file -s 7f7cec85d71e020e5940b7227959217184d369ac
> git check-ignore -v -z --stdin
> git config --global user.email
> git config --global user.name
> git status -z -u
> git symbolic-ref --short HEAD
> git for-each-ref --format=%(refname)%00%(upstream:short)%00%(objectname)%00%(upstream:track) refs/heads/master refs/remotes/master
> git for-each-ref --sort -committerdate --format %(refname) %(objectname) %(*objectname)
> git remote --verbose
Warning: Failed to watch ref '/home/jonathan/nord-awesome/.git/refs/remotes/origin/master', is most likely packed.
> git config --get commit.template
> git show -s --format=%an <%ae> [%ai] dfb620fa00f3782e8e023563e8654191b4edd1e0
> git check-ignore -v -z --stdin
> git check-ignore -v -z --stdin
> git show --textconv :widget/tag-list.lua
> git ls-files --stage -- /home/jonathan/nord-awesome/widget/tag-list.lua
> git cat-file -s 6891eb8a6e13f58bc57848b29b36c083199043f7
