[2021-06-03 05:21:33:979] [/home/jonathan/.config/new-awesome] Git Command failed: /usr/bin/git -c core.quotepath=false -c color.ui=false rev-parse --show-toplevel • not a git repository (or any of the parent directories): .git • 24 ms 
[2021-06-03 05:21:34:050] [/home/jonathan/.config/new-awesome/widgets/tag-list] Git Command failed: /usr/bin/git -c core.quotepath=false -c color.ui=false rev-parse --show-toplevel • not a git repository (or any of the parent directories): .git • 9 ms 
[2021-06-03 05:23:21:153] [/home/jonathan/.config/new-awesome/layout/left-drawer] Git Command failed: /usr/bin/git -c core.quotepath=false -c color.ui=false rev-parse --show-toplevel • not a git repository (or any of the parent directories): .git • 12 ms 
[2021-06-03 05:24:03:872] [/home/jonathan/.config/new-awesome/layout/left-drawer] Git Command failed: /usr/bin/git -c core.quotepath=false -c color.ui=false rev-parse --show-toplevel • not a git repository (or any of the parent directories): .git • 10 ms 
[2021-06-03 05:28:17:512] [/home/jonathan/.config/new-awesome] Git Command failed: /usr/bin/git -c core.quotepath=false -c color.ui=false rev-parse --show-toplevel • not a git repository (or any of the parent directories): .git • 9 ms 
[2021-06-03 05:28:23:500] [/home/jonathan/.config/new-awesome/config/client] Git Command failed: /usr/bin/git -c core.quotepath=false -c color.ui=false rev-parse --show-toplevel • not a git repository (or any of the parent directories): .git • 9 ms 
[2021-06-03 05:28:27:962] [/home/jonathan/.config/new-awesome/config/client] Git Command failed: /usr/bin/git -c core.quotepath=false -c color.ui=false rev-parse --show-toplevel • not a git repository (or any of the parent directories): .git • 9 ms 
[2021-06-03 05:28:31:547] [/home/jonathan/.config/new-awesome/config/keys] Git Command failed: /usr/bin/git -c core.quotepath=false -c color.ui=false rev-parse --show-toplevel • not a git repository (or any of the parent directories): .git • 10 ms 
[2021-06-03 05:28:38:483] [/home/jonathan/.config/new-awesome/config/keys] Git Command failed: /usr/bin/git -c core.quotepath=false -c color.ui=false rev-parse --show-toplevel • not a git repository (or any of the parent directories): .git • 5 ms 
[2021-06-03 05:29:08:709] [/home/jonathan/.config/new-awesome/assets/icons] Git Command failed: /usr/bin/git -c core.quotepath=false -c color.ui=false rev-parse --show-toplevel • not a git repository (or any of the parent directories): .git • 11 ms 
[2021-06-03 05:32:03:207] [/home/jonathan/.config/new-awesome/assets/icons] Git Command failed: /usr/bin/git -c core.quotepath=false -c color.ui=false rev-parse --show-toplevel • not a git repository (or any of the parent directories): .git • 11 ms 
[2021-06-03 05:33:34:140] [/home/jonathan/.config/new-awesome/assets/icons] Git Command failed: /usr/bin/git -c core.quotepath=false -c color.ui=false rev-parse --show-toplevel • not a git repository (or any of the parent directories): .git • 10 ms 
[2021-06-03 05:33:49:261] [/home/jonathan/.config/new-awesome/assets/icons] Git Command failed: /usr/bin/git -c core.quotepath=false -c color.ui=false rev-parse --show-toplevel • not a git repository (or any of the parent directories): .git • 10 ms 
[2021-06-03 05:33:52:489] [/home/jonathan/.config/new-awesome/assets/icons] Git Command failed: /usr/bin/git -c core.quotepath=false -c color.ui=false rev-parse --show-toplevel • not a git repository (or any of the parent directories): .git • 8 ms 
[2021-06-03 05:33:53:536] [/home/jonathan/.config/new-awesome/assets/icons] Git Command failed: /usr/bin/git -c core.quotepath=false -c color.ui=false rev-parse --show-toplevel • not a git repository (or any of the parent directories): .git • 7 ms 
[2021-06-03 05:34:19:894] [/home/jonathan/.config/new-awesome/assets/icons] Git Command failed: /usr/bin/git -c core.quotepath=false -c color.ui=false rev-parse --show-toplevel • not a git repository (or any of the parent directories): .git • 8 ms 
[2021-06-03 05:34:27:398] [/home/jonathan/.config/new-awesome/assets/icons] Git Command failed: /usr/bin/git -c core.quotepath=false -c color.ui=false rev-parse --show-toplevel • not a git repository (or any of the parent directories): .git • 8 ms 
[2021-06-03 05:34:47:098] [/home/jonathan/.config/new-awesome/widgets/icon] Git Command failed: /usr/bin/git -c core.quotepath=false -c color.ui=false rev-parse --show-toplevel • not a git repository (or any of the parent directories): .git • 9 ms 
[2021-06-03 05:36:25:166] [/home/jonathan/.config/new-awesome/widgets/icon] Git Command failed: /usr/bin/git -c core.quotepath=false -c color.ui=false rev-parse --show-toplevel • not a git repository (or any of the parent directories): .git • 12 ms 
[2021-06-03 05:37:58:800] [/home/jonathan/.config/new-awesome/widgets/icon] Git Command failed: /usr/bin/git -c core.quotepath=false -c color.ui=false rev-parse --show-toplevel • not a git repository (or any of the parent directories): .git • 11 ms 
[2021-06-03 05:38:41:355] [/home/jonathan/.config/new-awesome/layout] Git Command failed: /usr/bin/git -c core.quotepath=false -c color.ui=false rev-parse --show-toplevel • not a git repository (or any of the parent directories): .git • 9 ms 
[2021-06-03 05:39:11:842] [/home/jonathan/.config/new-awesome/layout/left-drawer] Git Command failed: /usr/bin/git -c core.quotepath=false -c color.ui=false rev-parse --show-toplevel • not a git repository (or any of the parent directories): .git • 5 ms 
[2021-06-03 05:39:22:286] [/home/jonathan/.config/new-awesome/layout/left-drawer] Git Command failed: /usr/bin/git -c core.quotepath=false -c color.ui=false rev-parse --show-toplevel • not a git repository (or any of the parent directories): .git • 7 ms 
[2021-06-03 05:39:34:833] [/home/jonathan/.config/new-awesome/layout/left-drawer] Git Command failed: /usr/bin/git -c core.quotepath=false -c color.ui=false rev-parse --show-toplevel • not a git repository (or any of the parent directories): .git • 5 ms 
[2021-06-03 05:44:58:858] [/home/jonathan/.config/new-awesome/layout/left-drawer] Git Command failed: /usr/bin/git -c core.quotepath=false -c color.ui=false rev-parse --show-toplevel • not a git repository (or any of the parent directories): .git • 6 ms 
[2021-06-03 05:48:49:286] [/home/jonathan/.config/new-awesome/assets/icons] Git Command failed: /usr/bin/git -c core.quotepath=false -c color.ui=false rev-parse --show-toplevel • not a git repository (or any of the parent directories): .git • 8 ms 
[2021-06-03 05:54:00:975] [/home/jonathan/.config/new-awesome/assets/icons] Git Command failed: /usr/bin/git -c core.quotepath=false -c color.ui=false rev-parse --show-toplevel • not a git repository (or any of the parent directories): .git • 14 ms 
[2021-06-03 05:54:03:841] [/home/jonathan/.config/new-awesome/assets/icons] Git Command failed: /usr/bin/git -c core.quotepath=false -c color.ui=false rev-parse --show-toplevel • not a git repository (or any of the parent directories): .git • 4 ms 
[2021-06-03 05:54:04:620] [/home/jonathan/.config/new-awesome/assets/icons] Git Command failed: /usr/bin/git -c core.quotepath=false -c color.ui=false rev-parse --show-toplevel • not a git repository (or any of the parent directories): .git • 10 ms 
[2021-06-03 05:54:10:738] [/home/jonathan/.config/new-awesome/assets/icons] Git Command failed: /usr/bin/git -c core.quotepath=false -c color.ui=false rev-parse --show-toplevel • not a git repository (or any of the parent directories): .git • 10 ms 
[2021-06-03 05:54:12:608] [/home/jonathan/.config/new-awesome/assets/icons] Git Command failed: /usr/bin/git -c core.quotepath=false -c color.ui=false rev-parse --show-toplevel • not a git repository (or any of the parent directories): .git • 10 ms 
[2021-06-03 05:54:14:109] [/home/jonathan/.config/new-awesome/assets/icons] Git Command failed: /usr/bin/git -c core.quotepath=false -c color.ui=false rev-parse --show-toplevel • not a git repository (or any of the parent directories): .git • 12 ms 
[2021-06-03 05:54:15:001] [/home/jonathan/.config/new-awesome/assets/icons] Git Command failed: /usr/bin/git -c core.quotepath=false -c color.ui=false rev-parse --show-toplevel • not a git repository (or any of the parent directories): .git • 9 ms 
[2021-06-03 05:54:17:539] [/home/jonathan/.config/new-awesome/assets/icons] Git Command failed: /usr/bin/git -c core.quotepath=false -c color.ui=false rev-parse --show-toplevel • not a git repository (or any of the parent directories): .git • 6 ms 
[2021-06-03 05:54:19:078] [/home/jonathan/.config/new-awesome/assets/icons] Git Command failed: /usr/bin/git -c core.quotepath=false -c color.ui=false rev-parse --show-toplevel • not a git repository (or any of the parent directories): .git • 10 ms 
[2021-06-03 05:54:29:710] [/home/jonathan/.config/new-awesome/assets/icons] Git Command failed: /usr/bin/git -c core.quotepath=false -c color.ui=false rev-parse --show-toplevel • not a git repository (or any of the parent directories): .git • 8 ms 
[2021-06-03 05:54:31:661] [/home/jonathan/.config/new-awesome/assets/icons] Git Command failed: /usr/bin/git -c core.quotepath=false -c color.ui=false rev-parse --show-toplevel • not a git repository (or any of the parent directories): .git • 8 ms 
[2021-06-03 05:54:33:235] [/home/jonathan/.config/new-awesome/assets/icons] Git Command failed: /usr/bin/git -c core.quotepath=false -c color.ui=false rev-parse --show-toplevel • not a git repository (or any of the parent directories): .git • 7 ms 
[2021-06-03 05:54:34:362] [/home/jonathan/.config/new-awesome/assets/icons] Git Command failed: /usr/bin/git -c core.quotepath=false -c color.ui=false rev-parse --show-toplevel • not a git repository (or any of the parent directories): .git • 18 ms 
[2021-06-03 05:54:35:760] [/home/jonathan/.config/new-awesome/assets/icons] Git Command failed: /usr/bin/git -c core.quotepath=false -c color.ui=false rev-parse --show-toplevel • not a git repository (or any of the parent directories): .git • 12 ms 
[2021-06-03 05:54:36:871] [/home/jonathan/.config/new-awesome/assets/icons] Git Command failed: /usr/bin/git -c core.quotepath=false -c color.ui=false rev-parse --show-toplevel • not a git repository (or any of the parent directories): .git • 12 ms 
[2021-06-03 05:54:39:500] [/home/jonathan/.config/new-awesome/assets/icons] Git Command failed: /usr/bin/git -c core.quotepath=false -c color.ui=false rev-parse --show-toplevel • not a git repository (or any of the parent directories): .git • 10 ms 
[2021-06-03 05:54:41:242] [/home/jonathan/.config/new-awesome/assets/icons] Git Command failed: /usr/bin/git -c core.quotepath=false -c color.ui=false rev-parse --show-toplevel • not a git repository (or any of the parent directories): .git • 6 ms 
[2021-06-03 05:54:42:743] [/home/jonathan/.config/new-awesome/assets/icons] Git Command failed: /usr/bin/git -c core.quotepath=false -c color.ui=false rev-parse --show-toplevel • not a git repository (or any of the parent directories): .git • 9 ms 
[2021-06-03 05:54:44:085] [/home/jonathan/.config/new-awesome/assets/icons] Git Command failed: /usr/bin/git -c core.quotepath=false -c color.ui=false rev-parse --show-toplevel • not a git repository (or any of the parent directories): .git • 11 ms 
[2021-06-03 05:54:45:727] [/home/jonathan/.config/new-awesome/assets/icons] Git Command failed: /usr/bin/git -c core.quotepath=false -c color.ui=false rev-parse --show-toplevel • not a git repository (or any of the parent directories): .git • 11 ms 
[2021-06-03 05:54:46:723] [/home/jonathan/.config/new-awesome/assets/icons] Git Command failed: /usr/bin/git -c core.quotepath=false -c color.ui=false rev-parse --show-toplevel • not a git repository (or any of the parent directories): .git • 11 ms 
[2021-06-03 05:54:47:774] [/home/jonathan/.config/new-awesome/assets/icons] Git Command failed: /usr/bin/git -c core.quotepath=false -c color.ui=false rev-parse --show-toplevel • not a git repository (or any of the parent directories): .git • 13 ms 
[2021-06-03 05:54:48:753] [/home/jonathan/.config/new-awesome/assets/icons] Git Command failed: /usr/bin/git -c core.quotepath=false -c color.ui=false rev-parse --show-toplevel • not a git repository (or any of the parent directories): .git • 7 ms 
[2021-06-03 05:54:49:752] [/home/jonathan/.config/new-awesome/assets/icons] Git Command failed: /usr/bin/git -c core.quotepath=false -c color.ui=false rev-parse --show-toplevel • not a git repository (or any of the parent directories): .git • 10 ms 
[2021-06-03 05:54:50:469] [/home/jonathan/.config/new-awesome/assets/icons] Git Command failed: /usr/bin/git -c core.quotepath=false -c color.ui=false rev-parse --show-toplevel • not a git repository (or any of the parent directories): .git • 15 ms 
[2021-06-03 05:55:01:228] [/home/jonathan/.config/new-awesome/assets/icons] Git Command failed: /usr/bin/git -c core.quotepath=false -c color.ui=false rev-parse --show-toplevel • not a git repository (or any of the parent directories): .git • 11 ms 
[2021-06-03 05:55:44:885] [/home/jonathan/.config/new-awesome/widgets/tag-list] Git Command failed: /usr/bin/git -c core.quotepath=false -c color.ui=false rev-parse --show-toplevel • not a git repository (or any of the parent directories): .git • 11 ms 
[2021-06-03 05:58:48:015] [/home/jonathan/.config/new-awesome/assets/icons] Git Command failed: /usr/bin/git -c core.quotepath=false -c color.ui=false rev-parse --show-toplevel • not a git repository (or any of the parent directories): .git • 12 ms 
[2021-06-03 06:10:23:209] [/home/jonathan/.config/new-awesome/assets/icons] Git Command failed: /usr/bin/git -c core.quotepath=false -c color.ui=false rev-parse --show-toplevel • not a git repository (or any of the parent directories): .git • 11 ms 
[2021-06-03 06:10:31:227] [/home/jonathan/.config/new-awesome/assets/icons] Git Command failed: /usr/bin/git -c core.quotepath=false -c color.ui=false rev-parse --show-toplevel • not a git repository (or any of the parent directories): .git • 8 ms 
[2021-06-03 06:10:32:699] [/home/jonathan/.config/new-awesome/assets/icons] Git Command failed: /usr/bin/git -c core.quotepath=false -c color.ui=false rev-parse --show-toplevel • not a git repository (or any of the parent directories): .git • 7 ms 
[2021-06-03 06:11:27:533] [/home/jonathan/.config/new-awesome/assets/icons] Git Command failed: /usr/bin/git -c core.quotepath=false -c color.ui=false rev-parse --show-toplevel • not a git repository (or any of the parent directories): .git • 8 ms 
[2021-06-03 06:15:30:833] [/home/jonathan/.config/new-awesome/widgets/tag-list] Git Command failed: /usr/bin/git -c core.quotepath=false -c color.ui=false rev-parse --show-toplevel • not a git repository (or any of the parent directories): .git • 6 ms 
[2021-06-03 06:19:53:328] [/home/jonathan/.config/new-awesome/widgets/icon] Git Command failed: /usr/bin/git -c core.quotepath=false -c color.ui=false rev-parse --show-toplevel • not a git repository (or any of the parent directories): .git • 6 ms 
[2021-06-03 06:19:54:584] [/home/jonathan/.config/new-awesome/widgets/icon] Git Command failed: /usr/bin/git -c core.quotepath=false -c color.ui=false rev-parse --show-toplevel • not a git repository (or any of the parent directories): .git • 8 ms 
[2021-06-03 06:19:55:371] [/home/jonathan/.config/new-awesome/widgets/icon] Git Command failed: /usr/bin/git -c core.quotepath=false -c color.ui=false rev-parse --show-toplevel • not a git repository (or any of the parent directories): .git • 11 ms 
[2021-06-03 06:20:00:987] [/home/jonathan/.config/new-awesome/layout/left-drawer] Git Command failed: /usr/bin/git -c core.quotepath=false -c color.ui=false rev-parse --show-toplevel • not a git repository (or any of the parent directories): .git • 7 ms 
[2021-06-03 06:20:01:604] [/home/jonathan/.config/new-awesome/layout/left-drawer] Git Command failed: /usr/bin/git -c core.quotepath=false -c color.ui=false rev-parse --show-toplevel • not a git repository (or any of the parent directories): .git • 9 ms 
[2021-06-03 06:25:20:960] [/home/jonathan/.config/new-awesome/config] Git Command failed: /usr/bin/git -c core.quotepath=false -c color.ui=false rev-parse --show-toplevel • not a git repository (or any of the parent directories): .git • 11 ms 
[2021-06-03 06:28:25:299] [/home/jonathan/.config/new-awesome/layout/left-drawer] Git Command failed: /usr/bin/git -c core.quotepath=false -c color.ui=false rev-parse --show-toplevel • not a git repository (or any of the parent directories): .git • 9 ms 
[2021-06-03 06:38:23:090] [/home/jonathan/.config/new-awesome/widgets/icon] Git Command failed: /usr/bin/git -c core.quotepath=false -c color.ui=false rev-parse --show-toplevel • not a git repository (or any of the parent directories): .git • 8 ms 
[2021-06-03 06:46:40:603] [/home/jonathan/.config/new-awesome/widgets/icon] Git Command failed: /usr/bin/git -c core.quotepath=false -c color.ui=false rev-parse --show-toplevel • not a git repository (or any of the parent directories): .git • 10 ms 
[2021-06-03 06:51:54:152] [/home/jonathan/.config/new-awesome/widgets/icon] Git Command failed: /usr/bin/git -c core.quotepath=false -c color.ui=false rev-parse --show-toplevel • not a git repository (or any of the parent directories): .git • 13 ms 
[2021-06-03 06:51:59:026] [/home/jonathan/.config/new-awesome/widgets/icon] Git Command failed: /usr/bin/git -c core.quotepath=false -c color.ui=false rev-parse --show-toplevel • not a git repository (or any of the parent directories): .git • 6 ms 
[2021-06-03 06:52:02:224] [/home/jonathan/.config/new-awesome/widgets/icon] Git Command failed: /usr/bin/git -c core.quotepath=false -c color.ui=false rev-parse --show-toplevel • not a git repository (or any of the parent directories): .git • 8 ms 
