Looking for git in: git
Using git 2.31.1 from git
> git rev-parse --git-dir
Open repository: /home/jonathan/nord-awesome
> git status -z -u
> git symbolic-ref --short HEAD
> git for-each-ref --format=%(refname)%00%(upstream:short)%00%(objectname)%00%(upstream:track) refs/heads/master refs/remotes/master
> git for-each-ref --sort -committerdate --format %(refname) %(objectname) %(*objectname)
> git remote --verbose
Warning: Failed to watch ref '/home/jonathan/nord-awesome/.git/refs/remotes/origin/master', is most likely packed.
> git config --get commit.template
> git check-ignore -v -z --stdin
> git show --textconv :configuration/client/rules.lua
> git ls-files --stage -- /home/jonathan/nord-awesome/configuration/client/rules.lua
> git cat-file -s 391cfdc74efe50aabd6a436c0a543ef7ff2af216
> git config --global user.email
> git config --global user.name
> git status -z -u
> git symbolic-ref --short HEAD
> git for-each-ref --format=%(refname)%00%(upstream:short)%00%(objectname)%00%(upstream:track) refs/heads/master refs/remotes/master
> git for-each-ref --sort -committerdate --format %(refname) %(objectname) %(*objectname)
> git remote --verbose
Warning: Failed to watch ref '/home/jonathan/nord-awesome/.git/refs/remotes/origin/master', is most likely packed.
> git config --get commit.template
> git show -s --format=%an <%ae> [%ai] dfb620fa00f3782e8e023563e8654191b4edd1e0
> git check-ignore -v -z --stdin
> git show --textconv :configuration/client/init.lua
> git ls-files --stage -- /home/jonathan/nord-awesome/configuration/client/init.lua
> git cat-file -s bbd5480b9bf67dfe248c894f4a5512277487ad27
> git show --textconv :configuration/client/rules.lua
> git ls-files --stage -- /home/jonathan/nord-awesome/configuration/client/rules.lua
> git cat-file -s 391cfdc74efe50aabd6a436c0a543ef7ff2af216
> git check-ignore -v -z --stdin
> git check-ignore -v -z --stdin
> git show --textconv :rc.lua
> git ls-files --stage -- /home/jonathan/nord-awesome/rc.lua
> git cat-file -s baf9245101e7de1091fbfa070f857435f9e5221e
> git show --textconv :widget/tag-list.lua
> git ls-files --stage -- /home/jonathan/nord-awesome/widget/tag-list.lua
> git cat-file -s 6891eb8a6e13f58bc57848b29b36c083199043f7
> git check-ignore -v -z --stdin
> git check-ignore -v -z --stdin
> git check-ignore -v -z --stdin
> git show --textconv :layout/left-panel/action-bar.lua
> git ls-files --stage -- /home/jonathan/nord-awesome/layout/left-panel/action-bar.lua
> git cat-file -s 7f7cec85d71e020e5940b7227959217184d369ac
> git show --textconv :widget/tag-list.lua
> git ls-files --stage -- /home/jonathan/nord-awesome/widget/tag-list.lua
> git cat-file -s 6891eb8a6e13f58bc57848b29b36c083199043f7
> git show --textconv :layout/left-panel/init.lua
> git ls-files --stage -- /home/jonathan/nord-awesome/layout/left-panel/init.lua
> git cat-file -s 5b24aa6d7947c64d5418be2598c10282ab0f7a10
> git show --textconv :utils.lua
> git ls-files --stage -- /home/jonathan/nord-awesome/utils.lua
> git cat-file -s af2492b375cb53936874f649afd47b8651cfdb89
> git show --textconv :layout/left-panel/init.lua
> git ls-files --stage -- /home/jonathan/nord-awesome/layout/left-panel/init.lua
> git cat-file -s 5b24aa6d7947c64d5418be2598c10282ab0f7a10
