Looking for git in: git
Using git 2.31.1 from git
> git rev-parse --git-dir
Open repository: /home/jonathan/nord-awesome
> git status -z -u
> git symbolic-ref --short HEAD
> git for-each-ref --format=%(refname)%00%(upstream:short)%00%(objectname)%00%(upstream:track) refs/heads/master refs/remotes/master
> git for-each-ref --sort -committerdate --format %(refname) %(objectname) %(*objectname)
> git remote --verbose
Warning: Failed to watch ref '/home/jonathan/nord-awesome/.git/refs/remotes/origin/master', is most likely packed.
> git config --get commit.template
> git check-ignore -v -z --stdin
> git show --textconv :configuration/tags/init.lua
> git ls-files --stage -- /home/jonathan/nord-awesome/configuration/tags/init.lua
> git cat-file -s 380409534a0c240315803ae1d4114f61cbfabe71
> git config --global user.email
> git config --global user.name
> git status -z -u
> git symbolic-ref --short HEAD
> git for-each-ref --format=%(refname)%00%(upstream:short)%00%(objectname)%00%(upstream:track) refs/heads/master refs/remotes/master
> git for-each-ref --sort -committerdate --format %(refname) %(objectname) %(*objectname)
> git remote --verbose
Warning: Failed to watch ref '/home/jonathan/nord-awesome/.git/refs/remotes/origin/master', is most likely packed.
> git config --get commit.template
> git show -s --format=%an <%ae> [%ai] dfb620fa00f3782e8e023563e8654191b4edd1e0
> git check-ignore -v -z --stdin
> git check-ignore -v -z --stdin
> git show --textconv :rc.lua
> git ls-files --stage -- /home/jonathan/nord-awesome/rc.lua
> git cat-file -s baf9245101e7de1091fbfa070f857435f9e5221e
> git check-ignore -v -z --stdin
> git show --textconv :configuration/client/init.lua
> git ls-files --stage -- /home/jonathan/nord-awesome/configuration/client/init.lua
> git cat-file -s bbd5480b9bf67dfe248c894f4a5512277487ad27
> git show --textconv :configuration/client/rules.lua
> git ls-files --stage -- /home/jonathan/nord-awesome/configuration/client/rules.lua
> git cat-file -s 391cfdc74efe50aabd6a436c0a543ef7ff2af216
> git show --textconv :configuration/client/keys.lua
> git ls-files --stage -- /home/jonathan/nord-awesome/configuration/client/keys.lua
> git cat-file -s 69d852ab2bf43f36c4a004d1a6cc194d2aeb71c5
> git show --textconv :configuration/keys/keys.lua
> git ls-files --stage -- /home/jonathan/nord-awesome/configuration/keys/keys.lua
> git check-ignore -v -z --stdin
> git status -z -u
> git symbolic-ref --short HEAD
> git for-each-ref --format=%(refname)%00%(upstream:short)%00%(objectname)%00%(upstream:track) refs/heads/master refs/remotes/master
> git for-each-ref --sort -committerdate --format %(refname) %(objectname) %(*objectname)
> git remote --verbose
Warning: Failed to watch ref '/home/jonathan/nord-awesome/.git/refs/remotes/origin/master', is most likely packed.
> git config --get commit.template
> git show --textconv :configuration/init.lua
> git ls-files --stage -- /home/jonathan/nord-awesome/configuration/init.lua
> git cat-file -s 8ea676f0280b1cd8073697f9348f0ef1540e29be
> git show --textconv :configuration/client/rules.lua
> git ls-files --stage -- /home/jonathan/nord-awesome/configuration/client/rules.lua
> git cat-file -s 391cfdc74efe50aabd6a436c0a543ef7ff2af216
> git show --textconv :configuration/keys/global.lua
> git ls-files --stage -- /home/jonathan/nord-awesome/configuration/keys/global.lua
> git cat-file -s d42d4f6952c38cbc2588a57f5f9eade76a9d182a
> git show --textconv :configuration/client/rules.lua
> git ls-files --stage -- /home/jonathan/nord-awesome/configuration/client/rules.lua
> git cat-file -s 391cfdc74efe50aabd6a436c0a543ef7ff2af216
> git show --textconv :configuration/client/init.lua
> git ls-files --stage -- /home/jonathan/nord-awesome/configuration/client/init.lua
> git cat-file -s bbd5480b9bf67dfe248c894f4a5512277487ad27
> git status -z -u
> git symbolic-ref --short HEAD
> git for-each-ref --format=%(refname)%00%(upstream:short)%00%(objectname)%00%(upstream:track) refs/heads/master refs/remotes/master
> git for-each-ref --sort -committerdate --format %(refname) %(objectname) %(*objectname)
> git remote --verbose
Warning: Failed to watch ref '/home/jonathan/nord-awesome/.git/refs/remotes/origin/master', is most likely packed.
> git config --get commit.template
> git show --textconv :configuration/client/rules.lua
> git ls-files --stage -- /home/jonathan/nord-awesome/configuration/client/rules.lua
> git cat-file -s 391cfdc74efe50aabd6a436c0a543ef7ff2af216
> git show --textconv :configuration/client/buttons.lua
> git ls-files --stage -- /home/jonathan/nord-awesome/configuration/client/buttons.lua
> git cat-file -s afb1b014e50225439c8a57364d866ce54e478b16
> git show --textconv :configuration/client/rules.lua
> git ls-files --stage -- /home/jonathan/nord-awesome/configuration/client/rules.lua
> git cat-file -s 391cfdc74efe50aabd6a436c0a543ef7ff2af216
> git show --textconv :configuration/client/keys.lua
> git ls-files --stage -- /home/jonathan/nord-awesome/configuration/client/keys.lua
> git cat-file -s 69d852ab2bf43f36c4a004d1a6cc194d2aeb71c5
> git show --textconv :configuration/keys/global.lua
> git ls-files --stage -- /home/jonathan/nord-awesome/configuration/keys/global.lua
> git cat-file -s d42d4f6952c38cbc2588a57f5f9eade76a9d182a
> git show --textconv :configuration/client/keys.lua
> git ls-files --stage -- /home/jonathan/nord-awesome/configuration/client/keys.lua
> git cat-file -s 69d852ab2bf43f36c4a004d1a6cc194d2aeb71c5
> git status -z -u
> git symbolic-ref --short HEAD
> git for-each-ref --format=%(refname)%00%(upstream:short)%00%(objectname)%00%(upstream:track) refs/heads/master refs/remotes/master
> git for-each-ref --sort -committerdate --format %(refname) %(objectname) %(*objectname)
> git remote --verbose
Warning: Failed to watch ref '/home/jonathan/nord-awesome/.git/refs/remotes/origin/master', is most likely packed.
> git config --get commit.template
> git ls-files --stage -- /home/jonathan/nord-awesome/configuration/client/keys.lua
> git cat-file -s 69d852ab2bf43f36c4a004d1a6cc194d2aeb71c5
> git show --textconv :configuration/client/keys.lua
> git status -z -u
> git symbolic-ref --short HEAD
> git for-each-ref --format=%(refname)%00%(upstream:short)%00%(objectname)%00%(upstream:track) refs/heads/master refs/remotes/master
> git for-each-ref --sort -committerdate --format %(refname) %(objectname) %(*objectname)
> git remote --verbose
Warning: Failed to watch ref '/home/jonathan/nord-awesome/.git/refs/remotes/origin/master', is most likely packed.
> git config --get commit.template
> git status -z -u
> git symbolic-ref --short HEAD
> git for-each-ref --format=%(refname)%00%(upstream:short)%00%(objectname)%00%(upstream:track) refs/heads/master refs/remotes/master
> git for-each-ref --sort -committerdate --format %(refname) %(objectname) %(*objectname)
> git remote --verbose
Warning: Failed to watch ref '/home/jonathan/nord-awesome/.git/refs/remotes/origin/master', is most likely packed.
> git config --get commit.template
> git status -z -u
> git symbolic-ref --short HEAD
> git for-each-ref --format=%(refname)%00%(upstream:short)%00%(objectname)%00%(upstream:track) refs/heads/master refs/remotes/master
> git for-each-ref --sort -committerdate --format %(refname) %(objectname) %(*objectname)
> git remote --verbose
Warning: Failed to watch ref '/home/jonathan/nord-awesome/.git/refs/remotes/origin/master', is most likely packed.
> git config --get commit.template
> git show --textconv :configuration/client/rules.lua
> git ls-files --stage -- /home/jonathan/nord-awesome/configuration/client/rules.lua
> git cat-file -s 391cfdc74efe50aabd6a436c0a543ef7ff2af216
> git show --textconv :configuration/client/keys.lua
> git ls-files --stage -- /home/jonathan/nord-awesome/configuration/client/keys.lua
> git cat-file -s 69d852ab2bf43f36c4a004d1a6cc194d2aeb71c5
> git show --textconv :configuration/keys/keys.lua
> git ls-files --stage -- /home/jonathan/nord-awesome/configuration/keys/keys.lua
> git status -z -u
> git symbolic-ref --short HEAD
> git for-each-ref --format=%(refname)%00%(upstream:short)%00%(objectname)%00%(upstream:track) refs/heads/master refs/remotes/master
> git for-each-ref --sort -committerdate --format %(refname) %(objectname) %(*objectname)
> git remote --verbose
Warning: Failed to watch ref '/home/jonathan/nord-awesome/.git/refs/remotes/origin/master', is most likely packed.
> git config --get commit.template
> git show --textconv :configuration/keys/client-keys.lua
> git ls-files --stage -- /home/jonathan/nord-awesome/configuration/keys/client-keys.lua
> git check-ignore -v -z --stdin
> git status -z -u
> git symbolic-ref --short HEAD
> git for-each-ref --format=%(refname)%00%(upstream:short)%00%(objectname)%00%(upstream:track) refs/heads/master refs/remotes/master
> git for-each-ref --sort -committerdate --format %(refname) %(objectname) %(*objectname)
> git remote --verbose
Warning: Failed to watch ref '/home/jonathan/nord-awesome/.git/refs/remotes/origin/master', is most likely packed.
> git config --get commit.template
> git show --textconv :configuration/client/init.lua
> git ls-files --stage -- /home/jonathan/nord-awesome/configuration/client/init.lua
> git cat-file -s bbd5480b9bf67dfe248c894f4a5512277487ad27
> git show --textconv :configuration/client/rules.lua
> git ls-files --stage -- /home/jonathan/nord-awesome/configuration/client/rules.lua
> git cat-file -s 391cfdc74efe50aabd6a436c0a543ef7ff2af216
> git status -z -u
> git symbolic-ref --short HEAD
> git for-each-ref --format=%(refname)%00%(upstream:short)%00%(objectname)%00%(upstream:track) refs/heads/master refs/remotes/master
> git for-each-ref --sort -committerdate --format %(refname) %(objectname) %(*objectname)
> git remote --verbose
Warning: Failed to watch ref '/home/jonathan/nord-awesome/.git/refs/remotes/origin/master', is most likely packed.
> git config --get commit.template
